

*******************************************************************************
Thu Jun 16 21:28:32 2011


FIT:    data read from "Data_MaxSusceptibility" using ($1**-1):2
        #datapoints = 4
        residuals are weighted equally (unit weight)

function used for fitting: m*x+t
fitted parameters initialized with current variable values



 Iteration 0
 WSSR        : 7.16899           delta(WSSR)/WSSR   : 0
 delta(WSSR) : 0                 limit for stopping : 1e-05
 lambda	  : 0.708556

initial set of free parameter values

m               = 1
t               = 1

After 5 iterations the fit converged.
final sum of squares of residuals : 9.49488e-05
rel. change during last iteration : -1.49848e-10

degrees of freedom    (FIT_NDF)                        : 2
rms of residuals      (FIT_STDFIT) = sqrt(WSSR/ndf)    : 0.00689017
variance of residuals (reduced chisquare) = WSSR/ndf   : 4.74744e-05

Final set of parameters            Asymptotic Standard Error
=======================            ==========================

m               = 2.3104           +/- 0.1265       (5.477%)
t               = 2.26228          +/- 0.008107     (0.3583%)


correlation matrix of the fit parameters:

               m      t      
m               1.000 
t              -0.905  1.000 


*******************************************************************************
Thu Jun 16 21:28:32 2011


FIT:    data read from "Data_MaxSusceptibility" using 1:3
        #datapoints = 4
        residuals are weighted equally (unit weight)

function used for fitting: a*x**r
fitted parameters initialized with current variable values



 Iteration 0
 WSSR        : 396.999           delta(WSSR)/WSSR   : 0
 delta(WSSR) : 0                 limit for stopping : 1e-05
 lambda	  : 58.386

initial set of free parameter values

a               = 1
r               = 1

After 216 iterations the fit converged.
final sum of squares of residuals : 0.00109582
rel. change during last iteration : -8.60143e-08

degrees of freedom    (FIT_NDF)                        : 2
rms of residuals      (FIT_STDFIT) = sqrt(WSSR/ndf)    : 0.0234075
variance of residuals (reduced chisquare) = WSSR/ndf   : 0.00054791

Final set of parameters            Asymptotic Standard Error
=======================            ==========================

a               = 0.0464234        +/- 0.0005357    (1.154%)
r               = 1.75958          +/- 0.003314     (0.1884%)


correlation matrix of the fit parameters:

               a      r      
a               1.000 
r              -0.998  1.000 
