\BOOKMARK [0][-]{chapter*.1}{Vorwort}{}% 1
\BOOKMARK [0][-]{toc.0}{Inhaltsverzeichnis}{}% 2
\BOOKMARK [0][-]{chapter.1}{Einleitung}{}% 3
\BOOKMARK [0][-]{chapter.2}{Theorie der Monte Carlo Simulation}{}% 4
\BOOKMARK [1][-]{section.2.1}{Geschichte}{chapter.2}% 5
\BOOKMARK [1][-]{section.2.2}{Ziel}{chapter.2}% 6
\BOOKMARK [1][-]{section.2.3}{Markov-Kette}{chapter.2}% 7
\BOOKMARK [1][-]{section.2.4}{Metropolis Algorithmus}{chapter.2}% 8
\BOOKMARK [1][-]{section.2.5}{Thermalisierung}{chapter.2}% 9
\BOOKMARK [1][-]{section.2.6}{Autokorrelationsfunktion und Fehlerberechnung}{chapter.2}% 10
\BOOKMARK [0][-]{chapter.3}{Klassische MCS am Beispiel des Ising Modells}{}% 11
\BOOKMARK [1][-]{section.3.1}{Methode}{chapter.3}% 12
\BOOKMARK [2][-]{subsection.3.1.1}{Das Ising-Modell}{section.3.1}% 13
\BOOKMARK [2][-]{subsection.3.1.2}{Kanonische \334bergangswahrscheinlichkeiten}{section.3.1}% 14
\BOOKMARK [2][-]{subsection.3.1.3}{Messgr\366\337en}{section.3.1}% 15
\BOOKMARK [1][-]{section.3.2}{Implementierung}{chapter.3}% 16
\BOOKMARK [1][-]{section.3.3}{Ergebnisse}{chapter.3}% 17
\BOOKMARK [0][-]{chapter.4}{Quantenmechanische MCS mit Hilfe der Stochastic Series Expansion}{}% 18
\BOOKMARK [0][-]{chapter.5}{Zusammenfassung}{}% 19
\BOOKMARK [0][-]{appendix.A}{Quellcode}{}% 20
\BOOKMARK [1][-]{section.A.1}{Hauptprogramm}{appendix.A}% 21
\BOOKMARK [1][-]{section.A.2}{Modelle}{appendix.A}% 22
\BOOKMARK [2][-]{subsection.A.2.1}{Abstraktes Modell}{section.A.2}% 23
\BOOKMARK [2][-]{subsection.A.2.2}{1D Modell mit offenen Randbedingungen}{section.A.2}% 24
\BOOKMARK [2][-]{subsection.A.2.3}{1D Modell mit periodischen Randbedingungen}{section.A.2}% 25
\BOOKMARK [2][-]{subsection.A.2.4}{2D Modell mit offenen Randbedingungen}{section.A.2}% 26
\BOOKMARK [2][-]{subsection.A.2.5}{2D Modell mit periodischen Randbedingungen}{section.A.2}% 27
\BOOKMARK [1][-]{section.A.3}{Algorithmen}{appendix.A}% 28
\BOOKMARK [2][-]{subsection.A.3.1}{Abstrakter Algorithmus}{section.A.3}% 29
\BOOKMARK [2][-]{subsection.A.3.2}{SSE}{section.A.3}% 30
\BOOKMARK [2][-]{subsection.A.3.3}{ED}{section.A.3}% 31
\BOOKMARK [0][-]{appendix*.3}{Abbildungsverzeichnis}{}% 32
\BOOKMARK [0][-]{appendix*.4}{Tabellenverzeichnis}{}% 33
\BOOKMARK [0][-]{appendix*.5}{Quellcodeverzeichnis}{}% 34
\BOOKMARK [0][-]{appendix*.6}{Literaturverzeichnis}{}% 35
