\BOOKMARK [0][-]{chapter*.1}{Vorwort}{}% 1
\BOOKMARK [0][-]{toc.0}{Inhaltsverzeichnis}{}% 2
\BOOKMARK [0][-]{chapter.1}{Einleitung}{}% 3
\BOOKMARK [0][-]{chapter.2}{Theorie der Monte Carlo Simulation}{}% 4
\BOOKMARK [1][-]{section.2.1}{Geschichte}{chapter.2}% 5
\BOOKMARK [1][-]{section.2.2}{Ziel}{chapter.2}% 6
\BOOKMARK [1][-]{section.2.3}{Markov-Kette}{chapter.2}% 7
\BOOKMARK [1][-]{section.2.4}{Metropolis Algorithmus}{chapter.2}% 8
\BOOKMARK [1][-]{section.2.5}{Thermalisierung}{chapter.2}% 9
\BOOKMARK [1][-]{section.2.6}{Autokorrelationsfunktion und Fehlerberechnung}{chapter.2}% 10
\BOOKMARK [0][-]{chapter.3}{Klassische MCS am Beispiel des Ising Modells}{}% 11
\BOOKMARK [1][-]{section.3.1}{Methode}{chapter.3}% 12
\BOOKMARK [2][-]{subsection.3.1.1}{Das Ising-Modell}{section.3.1}% 13
\BOOKMARK [2][-]{subsection.3.1.2}{Kanonische \334bergangswahrscheinlichkeiten}{section.3.1}% 14
\BOOKMARK [2][-]{subsection.3.1.3}{Messgr\366\337en}{section.3.1}% 15
\BOOKMARK [1][-]{section.3.2}{Implementierung}{chapter.3}% 16
\BOOKMARK [1][-]{section.3.3}{Ergebnisse}{chapter.3}% 17
\BOOKMARK [0][-]{chapter.4}{Quantenmechanische MCS mit Hilfe der Stochastic Series Expansion}{}% 18
\BOOKMARK [0][-]{chapter.5}{Zusammenfassung}{}% 19
\BOOKMARK [0][-]{appendix.A}{Quellcode}{}% 20
\BOOKMARK [1][-]{section.A.1}{Hauptprogramm SIM}{appendix.A}% 21
\BOOKMARK [1][-]{section.A.2}{Gitter Klassen}{appendix.A}% 22
\BOOKMARK [2][-]{subsection.A.2.1}{Abstrakte Gitter}{section.A.2}% 23
\BOOKMARK [2][-]{subsection.A.2.2}{1D Gitter mit offenen Randbedingungen}{section.A.2}% 24
\BOOKMARK [2][-]{subsection.A.2.3}{1D Gitter mit periodischen Randbedingungen}{section.A.2}% 25
\BOOKMARK [2][-]{subsection.A.2.4}{2D Gitter mit periodischen Randbedingungen}{section.A.2}% 26
\BOOKMARK [1][-]{section.A.3}{Algorithmus Klassen}{appendix.A}% 27
\BOOKMARK [2][-]{subsection.A.3.1}{Abstrakter Algorithmus}{section.A.3}% 28
\BOOKMARK [2][-]{subsection.A.3.2}{ED}{section.A.3}% 29
\BOOKMARK [2][-]{subsection.A.3.3}{ISING}{section.A.3}% 30
\BOOKMARK [2][-]{subsection.A.3.4}{SSE}{section.A.3}% 31
\BOOKMARK [1][-]{section.A.4}{Analysemodule}{appendix.A}% 32
\BOOKMARK [2][-]{subsection.A.4.1}{Abstraktes Analysemodul}{section.A.4}% 33
\BOOKMARK [2][-]{subsection.A.4.2}{Analysemodul f\374r die Energie}{section.A.4}% 34
\BOOKMARK [2][-]{subsection.A.4.3}{Analysemodul f\374r die Spezifische W\344rme}{section.A.4}% 35
\BOOKMARK [2][-]{subsection.A.4.4}{Analysemodul f\374r die Magnetisierung pro Spin}{section.A.4}% 36
\BOOKMARK [2][-]{subsection.A.4.5}{Analysemodul f\374r die Magnetische Suszeptibilit\344t}{section.A.4}% 37
\BOOKMARK [0][-]{appendix*.3}{Abbildungsverzeichnis}{}% 38
\BOOKMARK [0][-]{appendix*.4}{Tabellenverzeichnis}{}% 39
\BOOKMARK [0][-]{appendix*.5}{Quellcodeverzeichnis}{}% 40
\BOOKMARK [0][-]{appendix*.6}{Literaturverzeichnis}{}% 41
