This is pdfTeX, Version 3.1415926-2.3-1.40.12 (MiKTeX 2.9) (preloaded format=pdflatex 2011.7.24)  1 AUG 2011 11:54
entering extended mode
**D:/Dokumente/Studium/Bachelorarbeit/Latex/A_Arbeit.tex
(D:/Dokumente/Studium/Bachelorarbeit/Latex/A_Arbeit.tex
LaTeX2e <2011/06/27>
Babel <v3.8m> and hyphenation patterns for english, afrikaans, ancientgreek, ar
abic, armenian, assamese, basque, bengali, bokmal, bulgarian, catalan, coptic, 
croatian, czech, danish, dutch, esperanto, estonian, farsi, finnish, french, ga
lician, german, german-x-2009-06-19, greek, gujarati, hindi, hungarian, iceland
ic, indonesian, interlingua, irish, italian, kannada, kurmanji, lao, latin, lat
vian, lithuanian, malayalam, marathi, mongolian, mongolianlmc, monogreek, ngerm
an, ngerman-x-2009-06-19, nynorsk, oriya, panjabi, pinyin, polish, portuguese, 
romanian, russian, sanskrit, serbian, slovak, slovenian, spanish, swedish, swis
sgerman, tamil, telugu, turkish, turkmen, ukenglish, ukrainian, uppersorbian, u
senglishmax, welsh, loaded.
("C:\Program Files (x86)\MiKTeX 2.9\tex\latex\base\report.cls"
Document Class: report 2007/10/19 v1.4h Standard LaTeX document class
("C:\Program Files (x86)\MiKTeX 2.9\tex\latex\base\size10.clo"
File: size10.clo 2007/10/19 v1.4h Standard LaTeX file (size option)
)
\c@part=\count79
\c@chapter=\count80
\c@section=\count81
\c@subsection=\count82
\c@subsubsection=\count83
\c@paragraph=\count84
\c@subparagraph=\count85
\c@figure=\count86
\c@table=\count87
\abovecaptionskip=\skip41
\belowcaptionskip=\skip42
\bibindent=\dimen102
)
("C:\Program Files (x86)\MiKTeX 2.9\tex\latex\base\inputenc.sty"
Package: inputenc 2008/03/30 v1.1d Input encoding file
\inpenc@prehook=\toks14
\inpenc@posthook=\toks15

("C:\Program Files (x86)\MiKTeX 2.9\tex\latex\base\latin1.def"
File: latin1.def 2008/03/30 v1.1d Input encoding file
))
("C:\Program Files (x86)\MiKTeX 2.9\tex\generic\babel\babel.sty"
Package: babel 2008/07/08 v3.8m The Babel package

*************************************
* Local config file bblopts.cfg used
*
("C:\Program Files (x86)\MiKTeX 2.9\tex\latex\00miktex\bblopts.cfg"
File: bblopts.cfg 2006/07/31 v1.0 MiKTeX 'babel' configuration
)
("C:\Program Files (x86)\MiKTeX 2.9\tex\generic\babel\ngermanb.ldf"
Language: ngermanb 2008/07/06 v2.6n new German support from the babel system

("C:\Program Files (x86)\MiKTeX 2.9\tex\generic\babel\babel.def"
File: babel.def 2008/07/08 v3.8m Babel common definitions
\babel@savecnt=\count88
\U@D=\dimen103
)
\l@naustrian = a dialect from \language\l@ngerman 
Package babel Info: Making " an active character on input line 92.
))
("C:\Program Files (x86)\MiKTeX 2.9\tex\latex\graphics\graphicx.sty"
Package: graphicx 1999/02/16 v1.0f Enhanced LaTeX Graphics (DPC,SPQR)

("C:\Program Files (x86)\MiKTeX 2.9\tex\latex\graphics\keyval.sty"
Package: keyval 1999/03/16 v1.13 key=value parser (DPC)
\KV@toks@=\toks16
)
("C:\Program Files (x86)\MiKTeX 2.9\tex\latex\graphics\graphics.sty"
Package: graphics 2009/02/05 v1.0o Standard LaTeX Graphics (DPC,SPQR)

("C:\Program Files (x86)\MiKTeX 2.9\tex\latex\graphics\trig.sty"
Package: trig 1999/03/16 v1.09 sin cos tan (DPC)
)
("C:\Program Files (x86)\MiKTeX 2.9\tex\latex\00miktex\graphics.cfg"
File: graphics.cfg 2007/01/18 v1.5 graphics configuration of teTeX/TeXLive
)
Package graphics Info: Driver file: pdftex.def on input line 91.

("C:\Program Files (x86)\MiKTeX 2.9\tex\latex\pdftex-def\pdftex.def"
File: pdftex.def 2011/05/27 v0.06d Graphics/color for pdfTeX

("C:\Program Files (x86)\MiKTeX 2.9\tex\generic\oberdiek\infwarerr.sty"
Package: infwarerr 2010/04/08 v1.3 Providing info/warning/message (HO)
)
("C:\Program Files (x86)\MiKTeX 2.9\tex\generic\oberdiek\ltxcmds.sty"
Package: ltxcmds 2011/04/18 v1.20 LaTeX kernel commands for general use (HO)
)
\Gread@gobject=\count89
))
\Gin@req@height=\dimen104
\Gin@req@width=\dimen105
)
("C:\Program Files (x86)\MiKTeX 2.9\tex\latex\ltxmisc\parskip.sty"
Package: parskip 2001/04/09 non-zero parskip adjustments
)
("C:\Program Files (x86)\MiKTeX 2.9\tex\latex\tools\tabularx.sty"
Package: tabularx 1999/01/07 v2.07 `tabularx' package (DPC)

("C:\Program Files (x86)\MiKTeX 2.9\tex\latex\tools\array.sty"
Package: array 2008/09/09 v2.4c Tabular extension package (FMi)
\col@sep=\dimen106
\extrarowheight=\dimen107
\NC@list=\toks17
\extratabsurround=\skip43
\backup@length=\skip44
)
\TX@col@width=\dimen108
\TX@old@table=\dimen109
\TX@old@col=\dimen110
\TX@target=\dimen111
\TX@delta=\dimen112
\TX@cols=\count90
\TX@ftn=\toks18
)
("C:\Program Files (x86)\MiKTeX 2.9\tex\latex\ltxmisc\url.sty"
\Urlmuskip=\muskip10
Package: url 2006/04/12  ver 3.3  Verb mode for urls, etc.
)
("C:\Program Files (x86)\MiKTeX 2.9\tex\latex\geometry\geometry.sty"
Package: geometry 2010/09/12 v5.6 Page Geometry

("C:\Program Files (x86)\MiKTeX 2.9\tex\generic\oberdiek\ifpdf.sty"
Package: ifpdf 2011/01/30 v2.3 Provides the ifpdf switch (HO)
Package ifpdf Info: pdfTeX in PDF mode is detected.
)
("C:\Program Files (x86)\MiKTeX 2.9\tex\generic\oberdiek\ifvtex.sty"
Package: ifvtex 2010/03/01 v1.5 Switches for detecting VTeX and its modes (HO)
Package ifvtex Info: VTeX not detected.
)
("C:\Program Files (x86)\MiKTeX 2.9\tex\generic\ifxetex\ifxetex.sty"
Package: ifxetex 2010/09/12 v0.6 Provides ifxetex conditional
)
\Gm@cnth=\count91
\Gm@cntv=\count92
\c@Gm@tempcnt=\count93
\Gm@bindingoffset=\dimen113
\Gm@wd@mp=\dimen114
\Gm@odd@mp=\dimen115
\Gm@even@mp=\dimen116
\Gm@layoutwidth=\dimen117
\Gm@layoutheight=\dimen118
\Gm@layouthoffset=\dimen119
\Gm@layoutvoffset=\dimen120
\Gm@dimlist=\toks19

("C:\Program Files (x86)\MiKTeX 2.9\tex\latex\geometry\geometry.cfg"))
("C:\Program Files (x86)\MiKTeX 2.9\tex\latex\hyperref\hyperref.sty"
Package: hyperref 2011/04/17 v6.82g Hypertext links for LaTeX

("C:\Program Files (x86)\MiKTeX 2.9\tex\generic\oberdiek\hobsub-hyperref.sty"
Package: hobsub-hyperref 2011/04/23 v1.4 Bundle oberdiek, subset hyperref (HO)

("C:\Program Files (x86)\MiKTeX 2.9\tex\generic\oberdiek\hobsub-generic.sty"
Package: hobsub-generic 2011/04/23 v1.4 Bundle oberdiek, subset generic (HO)
Package: hobsub 2011/04/23 v1.4 Subsetting bundle oberdiek (HO)
Package hobsub Info: Skipping package `infwarerr' (already loaded).
Package hobsub Info: Skipping package `ltxcmds' (already loaded).
Package: ifluatex 2010/03/01 v1.3 Provides the ifluatex switch (HO)
Package ifluatex Info: LuaTeX not detected.
Package hobsub Info: Skipping package `ifvtex' (already loaded).
Package: intcalc 2007/09/27 v1.1 Expandable integer calculations (HO)
Package hobsub Info: Skipping package `ifpdf' (already loaded).
Package: etexcmds 2011/02/16 v1.5 Prefix for e-TeX command names (HO)
Package etexcmds Info: Could not find \expanded.
(etexcmds)             That can mean that you are not using pdfTeX 1.50 or
(etexcmds)             that some package has redefined \expanded.
(etexcmds)             In the latter case, load this package earlier.
Package: kvsetkeys 2011/04/07 v1.13 Key value parser (HO)
Package: kvdefinekeys 2011/04/07 v1.3 Defining keys (HO)
Package: pdftexcmds 2011/04/22 v0.16 Utilities of pdfTeX for LuaTeX (HO)
Package pdftexcmds Info: LuaTeX not detected.
Package pdftexcmds Info: \pdf@primitive is available.
Package pdftexcmds Info: \pdf@ifprimitive is available.
Package pdftexcmds Info: \pdfdraftmode found.
Package: pdfescape 2011/04/04 v1.12 Provides string conversions (HO)
Package: bigintcalc 2011/01/30 v1.2 Expandable big integer calculations (HO)
Package: bitset 2011/01/30 v1.1 Data type bit set (HO)
Package: uniquecounter 2011/01/30 v1.2 Provides unlimited unique counter (HO)
)
Package hobsub Info: Skipping package `hobsub' (already loaded).
Package: letltxmacro 2010/09/02 v1.4 Let assignment for LaTeX macros (HO)
Package: hopatch 2011/01/30 v1.0 Wrapper for package hooks (HO)
Package: xcolor-patch 2011/01/30 xcolor patch
Package: atveryend 2011/04/23 v1.7 Hooks at very end of document (HO)
Package: atbegshi 2011/01/30 v1.15 At begin shipout hook (HO)
Package: refcount 2010/12/01 v3.2 Data extraction from references (HO)
Package: hycolor 2011/01/30 v1.7 Color options of hyperref/bookmark (HO)
)
("C:\Program Files (x86)\MiKTeX 2.9\tex\latex\oberdiek\kvoptions.sty"
Package: kvoptions 2010/12/23 v3.10 Keyval support for LaTeX options (HO)
)
\@linkdim=\dimen121
\Hy@linkcounter=\count94
\Hy@pagecounter=\count95

("C:\Program Files (x86)\MiKTeX 2.9\tex\latex\hyperref\pd1enc.def"
File: pd1enc.def 2011/04/17 v6.82g Hyperref: PDFDocEncoding definition (HO)
)
\Hy@SavedSpaceFactor=\count96

("C:\Program Files (x86)\MiKTeX 2.9\tex\latex\00miktex\hyperref.cfg"
File: hyperref.cfg 2002/06/06 v1.2 hyperref configuration of TeXLive
)
Package hyperref Info: Hyper figures OFF on input line 4026.
Package hyperref Info: Link nesting OFF on input line 4031.
Package hyperref Info: Hyper index ON on input line 4034.
Package hyperref Info: Plain pages OFF on input line 4041.
Package hyperref Info: Backreferencing OFF on input line 4046.
Package hyperref Info: Implicit mode ON; LaTeX internals redefined.
Package hyperref Info: Bookmarks ON on input line 4264.
\c@Hy@tempcnt=\count97
LaTeX Info: Redefining \url on input line 4617.
\Fld@menulength=\count98
\Field@Width=\dimen122
\Fld@charsize=\dimen123
Package hyperref Info: Hyper figures OFF on input line 5701.
Package hyperref Info: Link nesting OFF on input line 5706.
Package hyperref Info: Hyper index ON on input line 5709.
Package hyperref Info: backreferencing OFF on input line 5716.
Package hyperref Info: Link coloring OFF on input line 5721.
Package hyperref Info: Link coloring with OCG OFF on input line 5726.
Package hyperref Info: PDF/A mode OFF on input line 5731.
LaTeX Info: Redefining \ref on input line 5771.
LaTeX Info: Redefining \pageref on input line 5775.
\Hy@abspage=\count99
\c@Item=\count100
)

Package hyperref Message: Driver (autodetected): hpdftex.

("C:\Program Files (x86)\MiKTeX 2.9\tex\latex\hyperref\hpdftex.def"
File: hpdftex.def 2011/04/17 v6.82g Hyperref driver for pdfTeX
\Fld@listcount=\count101
\c@bookmark@seq@number=\count102

("C:\Program Files (x86)\MiKTeX 2.9\tex\latex\oberdiek\rerunfilecheck.sty"
Package: rerunfilecheck 2011/04/15 v1.7 Rerun checks for auxiliary files (HO)
Package uniquecounter Info: New unique counter `rerunfilecheck' on input line 2
82.
)
\Hy@SectionHShift=\skip45
)
("C:\Program Files (x86)\MiKTeX 2.9\tex\latex\base\fontenc.sty"
Package: fontenc 2005/09/27 v1.99g Standard LaTeX package

("C:\Program Files (x86)\MiKTeX 2.9\tex\latex\base\ts1enc.def"
File: ts1enc.def 2001/06/05 v3.0e (jk/car/fm) Standard LaTeX file
)
("C:\Program Files (x86)\MiKTeX 2.9\tex\latex\base\t1enc.def"
File: t1enc.def 2005/09/27 v1.99g Standard LaTeX file
LaTeX Font Info:    Redeclaring font encoding T1 on input line 43.
))
("C:\Program Files (x86)\MiKTeX 2.9\tex\latex\lm\lmodern.sty"
Package: lmodern 2009/10/30 v1.6 Latin Modern Fonts
LaTeX Font Info:    Overwriting symbol font `operators' in version `normal'
(Font)                  OT1/cmr/m/n --> OT1/lmr/m/n on input line 22.
LaTeX Font Info:    Overwriting symbol font `letters' in version `normal'
(Font)                  OML/cmm/m/it --> OML/lmm/m/it on input line 23.
LaTeX Font Info:    Overwriting symbol font `symbols' in version `normal'
(Font)                  OMS/cmsy/m/n --> OMS/lmsy/m/n on input line 24.
LaTeX Font Info:    Overwriting symbol font `largesymbols' in version `normal'
(Font)                  OMX/cmex/m/n --> OMX/lmex/m/n on input line 25.
LaTeX Font Info:    Overwriting symbol font `operators' in version `bold'
(Font)                  OT1/cmr/bx/n --> OT1/lmr/bx/n on input line 26.
LaTeX Font Info:    Overwriting symbol font `letters' in version `bold'
(Font)                  OML/cmm/b/it --> OML/lmm/b/it on input line 27.
LaTeX Font Info:    Overwriting symbol font `symbols' in version `bold'
(Font)                  OMS/cmsy/b/n --> OMS/lmsy/b/n on input line 28.
LaTeX Font Info:    Overwriting symbol font `largesymbols' in version `bold'
(Font)                  OMX/cmex/m/n --> OMX/lmex/m/n on input line 29.
LaTeX Font Info:    Overwriting math alphabet `\mathbf' in version `normal'
(Font)                  OT1/cmr/bx/n --> OT1/lmr/bx/n on input line 31.
LaTeX Font Info:    Overwriting math alphabet `\mathsf' in version `normal'
(Font)                  OT1/cmss/m/n --> OT1/lmss/m/n on input line 32.
LaTeX Font Info:    Overwriting math alphabet `\mathit' in version `normal'
(Font)                  OT1/cmr/m/it --> OT1/lmr/m/it on input line 33.
LaTeX Font Info:    Overwriting math alphabet `\mathtt' in version `normal'
(Font)                  OT1/cmtt/m/n --> OT1/lmtt/m/n on input line 34.
LaTeX Font Info:    Overwriting math alphabet `\mathbf' in version `bold'
(Font)                  OT1/cmr/bx/n --> OT1/lmr/bx/n on input line 35.
LaTeX Font Info:    Overwriting math alphabet `\mathsf' in version `bold'
(Font)                  OT1/cmss/bx/n --> OT1/lmss/bx/n on input line 36.
LaTeX Font Info:    Overwriting math alphabet `\mathit' in version `bold'
(Font)                  OT1/cmr/bx/it --> OT1/lmr/bx/it on input line 37.
LaTeX Font Info:    Overwriting math alphabet `\mathtt' in version `bold'
(Font)                  OT1/cmtt/m/n --> OT1/lmtt/m/n on input line 38.
)
("C:\Program Files (x86)\MiKTeX 2.9\tex\latex\base\textcomp.sty"
Package: textcomp 2005/09/27 v1.99g Standard LaTeX package
Package textcomp Info: Sub-encoding information:
(textcomp)               5 = only ISO-Adobe without \textcurrency
(textcomp)               4 = 5 + \texteuro
(textcomp)               3 = 4 + \textohm
(textcomp)               2 = 3 + \textestimated + \textcurrency
(textcomp)               1 = TS1 - \textcircled - \t
(textcomp)               0 = TS1 (full)
(textcomp)             Font families with sub-encoding setting implement
(textcomp)             only a restricted character set as indicated.
(textcomp)             Family '?' is the default used for unknown fonts.
(textcomp)             See the documentation for details.
Package textcomp Info: Setting ? sub-encoding to TS1/1 on input line 71.

("C:\Program Files (x86)\MiKTeX 2.9\tex\latex\base\ts1enc.def"
File: ts1enc.def 2001/06/05 v3.0e (jk/car/fm) Standard LaTeX file
LaTeX Font Info:    Redeclaring font encoding TS1 on input line 42.
)
LaTeX Info: Redefining \oldstylenums on input line 266.
Package textcomp Info: Setting cmr sub-encoding to TS1/0 on input line 281.
Package textcomp Info: Setting cmss sub-encoding to TS1/0 on input line 282.
Package textcomp Info: Setting cmtt sub-encoding to TS1/0 on input line 283.
Package textcomp Info: Setting cmvtt sub-encoding to TS1/0 on input line 284.
Package textcomp Info: Setting cmbr sub-encoding to TS1/0 on input line 285.
Package textcomp Info: Setting cmtl sub-encoding to TS1/0 on input line 286.
Package textcomp Info: Setting ccr sub-encoding to TS1/0 on input line 287.
Package textcomp Info: Setting ptm sub-encoding to TS1/4 on input line 288.
Package textcomp Info: Setting pcr sub-encoding to TS1/4 on input line 289.
Package textcomp Info: Setting phv sub-encoding to TS1/4 on input line 290.
Package textcomp Info: Setting ppl sub-encoding to TS1/3 on input line 291.
Package textcomp Info: Setting pag sub-encoding to TS1/4 on input line 292.
Package textcomp Info: Setting pbk sub-encoding to TS1/4 on input line 293.
Package textcomp Info: Setting pnc sub-encoding to TS1/4 on input line 294.
Package textcomp Info: Setting pzc sub-encoding to TS1/4 on input line 295.
Package textcomp Info: Setting bch sub-encoding to TS1/4 on input line 296.
Package textcomp Info: Setting put sub-encoding to TS1/5 on input line 297.
Package textcomp Info: Setting uag sub-encoding to TS1/5 on input line 298.
Package textcomp Info: Setting ugq sub-encoding to TS1/5 on input line 299.
Package textcomp Info: Setting ul8 sub-encoding to TS1/4 on input line 300.
Package textcomp Info: Setting ul9 sub-encoding to TS1/4 on input line 301.
Package textcomp Info: Setting augie sub-encoding to TS1/5 on input line 302.
Package textcomp Info: Setting dayrom sub-encoding to TS1/3 on input line 303.
Package textcomp Info: Setting dayroms sub-encoding to TS1/3 on input line 304.

Package textcomp Info: Setting pxr sub-encoding to TS1/0 on input line 305.
Package textcomp Info: Setting pxss sub-encoding to TS1/0 on input line 306.
Package textcomp Info: Setting pxtt sub-encoding to TS1/0 on input line 307.
Package textcomp Info: Setting txr sub-encoding to TS1/0 on input line 308.
Package textcomp Info: Setting txss sub-encoding to TS1/0 on input line 309.
Package textcomp Info: Setting txtt sub-encoding to TS1/0 on input line 310.
Package textcomp Info: Setting lmr sub-encoding to TS1/0 on input line 311.
Package textcomp Info: Setting lmdh sub-encoding to TS1/0 on input line 312.
Package textcomp Info: Setting lmss sub-encoding to TS1/0 on input line 313.
Package textcomp Info: Setting lmssq sub-encoding to TS1/0 on input line 314.
Package textcomp Info: Setting lmvtt sub-encoding to TS1/0 on input line 315.
Package textcomp Info: Setting qhv sub-encoding to TS1/0 on input line 316.
Package textcomp Info: Setting qag sub-encoding to TS1/0 on input line 317.
Package textcomp Info: Setting qbk sub-encoding to TS1/0 on input line 318.
Package textcomp Info: Setting qcr sub-encoding to TS1/0 on input line 319.
Package textcomp Info: Setting qcs sub-encoding to TS1/0 on input line 320.
Package textcomp Info: Setting qpl sub-encoding to TS1/0 on input line 321.
Package textcomp Info: Setting qtm sub-encoding to TS1/0 on input line 322.
Package textcomp Info: Setting qzc sub-encoding to TS1/0 on input line 323.
Package textcomp Info: Setting qhvc sub-encoding to TS1/0 on input line 324.
Package textcomp Info: Setting futs sub-encoding to TS1/4 on input line 325.
Package textcomp Info: Setting futx sub-encoding to TS1/4 on input line 326.
Package textcomp Info: Setting futj sub-encoding to TS1/4 on input line 327.
Package textcomp Info: Setting hlh sub-encoding to TS1/3 on input line 328.
Package textcomp Info: Setting hls sub-encoding to TS1/3 on input line 329.
Package textcomp Info: Setting hlst sub-encoding to TS1/3 on input line 330.
Package textcomp Info: Setting hlct sub-encoding to TS1/5 on input line 331.
Package textcomp Info: Setting hlx sub-encoding to TS1/5 on input line 332.
Package textcomp Info: Setting hlce sub-encoding to TS1/5 on input line 333.
Package textcomp Info: Setting hlcn sub-encoding to TS1/5 on input line 334.
Package textcomp Info: Setting hlcw sub-encoding to TS1/5 on input line 335.
Package textcomp Info: Setting hlcf sub-encoding to TS1/5 on input line 336.
Package textcomp Info: Setting pplx sub-encoding to TS1/3 on input line 337.
Package textcomp Info: Setting pplj sub-encoding to TS1/3 on input line 338.
Package textcomp Info: Setting ptmx sub-encoding to TS1/4 on input line 339.
Package textcomp Info: Setting ptmj sub-encoding to TS1/4 on input line 340.
)
("C:\Program Files (x86)\MiKTeX 2.9\tex\latex\listings\listings.sty"
\lst@mode=\count103
\lst@gtempboxa=\box26
\lst@token=\toks20
\lst@length=\count104
\lst@currlwidth=\dimen124
\lst@column=\count105
\lst@pos=\count106
\lst@lostspace=\dimen125
\lst@width=\dimen126
\lst@newlines=\count107
\lst@lineno=\count108
\lst@maxwidth=\dimen127

("C:\Program Files (x86)\MiKTeX 2.9\tex\latex\listings\lstmisc.sty"
File: lstmisc.sty 2007/02/22 1.4 (Carsten Heinz)
\c@lstnumber=\count109
\lst@skipnumbers=\count110
\lst@framebox=\box27
)
("C:\Program Files (x86)\MiKTeX 2.9\tex\latex\listings\listings.cfg"
File: listings.cfg 2007/02/22 1.4 listings configuration
))
Package: listings 2007/02/22 1.4 (Carsten Heinz)

("C:\Program Files (x86)\MiKTeX 2.9\tex\latex\ams\math\amsmath.sty"
Package: amsmath 2000/07/18 v2.13 AMS math features
\@mathmargin=\skip46

For additional information on amsmath, use the `?' option.
("C:\Program Files (x86)\MiKTeX 2.9\tex\latex\ams\math\amstext.sty"
Package: amstext 2000/06/29 v2.01

("C:\Program Files (x86)\MiKTeX 2.9\tex\latex\ams\math\amsgen.sty"
File: amsgen.sty 1999/11/30 v2.0
\@emptytoks=\toks21
\ex@=\dimen128
))
("C:\Program Files (x86)\MiKTeX 2.9\tex\latex\ams\math\amsbsy.sty"
Package: amsbsy 1999/11/29 v1.2d
\pmbraise@=\dimen129
)
("C:\Program Files (x86)\MiKTeX 2.9\tex\latex\ams\math\amsopn.sty"
Package: amsopn 1999/12/14 v2.01 operator names
)
\inf@bad=\count111
LaTeX Info: Redefining \frac on input line 211.
\uproot@=\count112
\leftroot@=\count113
LaTeX Info: Redefining \overline on input line 307.
\classnum@=\count114
\DOTSCASE@=\count115
LaTeX Info: Redefining \ldots on input line 379.
LaTeX Info: Redefining \dots on input line 382.
LaTeX Info: Redefining \cdots on input line 467.
\Mathstrutbox@=\box28
\strutbox@=\box29
\big@size=\dimen130
LaTeX Font Info:    Redeclaring font encoding OML on input line 567.
LaTeX Font Info:    Redeclaring font encoding OMS on input line 568.
\macc@depth=\count116
\c@MaxMatrixCols=\count117
\dotsspace@=\muskip11
\c@parentequation=\count118
\dspbrk@lvl=\count119
\tag@help=\toks22
\row@=\count120
\column@=\count121
\maxfields@=\count122
\andhelp@=\toks23
\eqnshift@=\dimen131
\alignsep@=\dimen132
\tagshift@=\dimen133
\tagwidth@=\dimen134
\totwidth@=\dimen135
\lineht@=\dimen136
\@envbody=\toks24
\multlinegap=\skip47
\multlinetaggap=\skip48
\mathdisplay@stack=\toks25
LaTeX Info: Redefining \[ on input line 2666.
LaTeX Info: Redefining \] on input line 2667.
)
("C:\Program Files (x86)\MiKTeX 2.9\tex\latex\amsfonts\amsfonts.sty"
Package: amsfonts 2009/06/22 v3.00 Basic AMSFonts support
\symAMSa=\mathgroup4
\symAMSb=\mathgroup5
LaTeX Font Info:    Overwriting math alphabet `\mathfrak' in version `bold'
(Font)                  U/euf/m/n --> U/euf/b/n on input line 96.
)
("C:\Program Files (x86)\MiKTeX 2.9\tex\latex\amsfonts\amssymb.sty"
Package: amssymb 2009/06/22 v3.00
)
("C:\Program Files (x86)\MiKTeX 2.9\tex\latex\units\nicefrac.sty"
Package: nicefrac 1998/08/04 v0.9b Nice fractions
\L@UnitsRaiseDisplaystyle=\skip49
\L@UnitsRaiseTextstyle=\skip50
\L@UnitsRaiseScriptstyle=\skip51

("C:\Program Files (x86)\MiKTeX 2.9\tex\latex\base\ifthen.sty"
Package: ifthen 2001/05/26 v1.1c Standard LaTeX ifthen package (DPC)
))
("C:\Program Files (x86)\MiKTeX 2.9\tex\latex\soul\soul.sty"
Package: soul 2003/11/17 v2.4 letterspacing/underlining (mf)
\SOUL@word=\toks26
\SOUL@lasttoken=\toks27
\SOUL@cmds=\toks28
\SOUL@buffer=\toks29
\SOUL@token=\toks30
\SOUL@spaceskip=\skip52
\SOUL@ttwidth=\dimen137
\SOUL@uldp=\dimen138
\SOUL@ulht=\dimen139
)
("C:\Program Files (x86)\MiKTeX 2.9\tex\latex\caption\caption.sty"
Package: caption 2010/01/09 v3.1m Customizing captions (AR)

("C:\Program Files (x86)\MiKTeX 2.9\tex\latex\caption\caption3.sty"
Package: caption3 2010/01/14 v3.1m caption3 kernel (AR)
\captionmargin=\dimen140
\captionmargin@=\dimen141
\captionwidth=\dimen142
\caption@indent=\dimen143
\caption@parindent=\dimen144
\caption@hangindent=\dimen145
)
\c@ContinuedFloat=\count123
Package caption Info: hyperref package is loaded.
Package caption Info: listings package is loaded.
)
("C:\Program Files (x86)\MiKTeX 2.9\tex\latex\subfig\subfig.sty"
Package: subfig 2005/06/28 ver: 1.3 subfig package
\c@KVtest=\count124
\sf@farskip=\skip53
\sf@captopadj=\dimen146
\sf@capskip=\skip54
\sf@nearskip=\skip55
\c@subfigure=\count125
\c@subfigure@save=\count126
\c@lofdepth=\count127
\c@subtable=\count128
\c@subtable@save=\count129
\c@lotdepth=\count130
\sf@top=\skip56
\sf@bottom=\skip57
)
("C:\Program Files (x86)\MiKTeX 2.9\tex\latex\natbib\natbib.sty"
Package: natbib 2010/09/13 8.31b (PWD, AO)
\bibhang=\skip58
\bibsep=\skip59
LaTeX Info: Redefining \cite on input line 694.
\c@NAT@ctr=\count131
)
("C:\Program Files (x86)\MiKTeX 2.9\tex\latex\blkarray\blkarray.sty"
\c@BAenumi=\count132
\BA@col=\count133
\BA@block@cnt=\count134
\BA@final@box=\box30
\BA@colsep=\dimen147
\BA@ftn=\toks31
\BAextrarowheight=\dimen148
\BAextraheightafterhline=\dimen149
\BAarrayrulewidth=\dimen150
\BAdoublerulesep=\dimen151
\BAfootskip=\dimen152
\BA@dashbox=\box31
\BA@ddashbox=\box32
)
\@input{A_Beispiele.aux}
(D:\Dokumente\Studium\Bachelorarbeit\Latex\A_Beispiele.tex)
(D:\Dokumente\Studium\Bachelorarbeit\Latex\A_Arbeit.aux
(D:\Dokumente\Studium\Bachelorarbeit\Latex\A_Titelseite.aux)
(D:\Dokumente\Studium\Bachelorarbeit\Latex\Vorwort.aux)
(D:\Dokumente\Studium\Bachelorarbeit\Latex\A_Inhaltsverzeichnis.aux)
(D:\Dokumente\Studium\Bachelorarbeit\Latex\Einleitung.aux)
(D:\Dokumente\Studium\Bachelorarbeit\Latex\Theorie.aux)
(D:\Dokumente\Studium\Bachelorarbeit\Latex\Klassisch.aux)
(D:\Dokumente\Studium\Bachelorarbeit\Latex\SSE.aux)
(D:\Dokumente\Studium\Bachelorarbeit\Latex\Zusammenfassung.aux)
(D:\Dokumente\Studium\Bachelorarbeit\Latex\Quellcode.aux)
(D:\Dokumente\Studium\Bachelorarbeit\Latex\A_Abbildungsverzeichnis.aux)
(D:\Dokumente\Studium\Bachelorarbeit\Latex\A_Quellcodeverzeichnis.aux)
(D:\Dokumente\Studium\Bachelorarbeit\Latex\A_Literaturverzeichnis.aux)
(D:\Dokumente\Studium\Bachelorarbeit\Latex\A_Selbststaendigkeit.aux))
LaTeX Font Info:    Checking defaults for OML/cmm/m/it on input line 55.
LaTeX Font Info:    ... okay on input line 55.
LaTeX Font Info:    Checking defaults for T1/cmr/m/n on input line 55.
LaTeX Font Info:    ... okay on input line 55.
LaTeX Font Info:    Checking defaults for OT1/cmr/m/n on input line 55.
LaTeX Font Info:    ... okay on input line 55.
LaTeX Font Info:    Checking defaults for OMS/cmsy/m/n on input line 55.
LaTeX Font Info:    ... okay on input line 55.
LaTeX Font Info:    Checking defaults for OMX/cmex/m/n on input line 55.
LaTeX Font Info:    ... okay on input line 55.
LaTeX Font Info:    Checking defaults for U/cmr/m/n on input line 55.
LaTeX Font Info:    ... okay on input line 55.
LaTeX Font Info:    Checking defaults for PD1/pdf/m/n on input line 55.
LaTeX Font Info:    ... okay on input line 55.
LaTeX Font Info:    Checking defaults for TS1/cmr/m/n on input line 55.
LaTeX Font Info:    Try loading font information for TS1+cmr on input line 55.

("C:\Program Files (x86)\MiKTeX 2.9\tex\latex\base\ts1cmr.fd"
File: ts1cmr.fd 1999/05/25 v2.5h Standard LaTeX font definitions
)
LaTeX Font Info:    ... okay on input line 55.
LaTeX Font Info:    Try loading font information for T1+lmr on input line 55.

("C:\Program Files (x86)\MiKTeX 2.9\tex\latex\lm\t1lmr.fd"
File: t1lmr.fd 2009/10/30 v1.6 Font defs for Latin Modern
)
*geometry* driver: auto-detecting
*geometry* detected driver: pdftex
*geometry* verbose mode - [ preamble ] result:
* driver: pdftex
* paper: a4paper
* layout: <same size as paper>
* layoutoffset:(h,v)=(0.0pt,0.0pt)
* modes: twoside 
* h-part:(L,W,R)=(71.70166pt, 418.25368pt, 107.55254pt)
* v-part:(T,H,B)=(101.40665pt, 591.5302pt, 152.11pt)
* \paperwidth=597.50787pt
* \paperheight=845.04684pt
* \textwidth=418.25368pt
* \textheight=591.5302pt
* \oddsidemargin=-0.56833pt
* \evensidemargin=35.28255pt
* \topmargin=-7.86334pt
* \headheight=12.0pt
* \headsep=25.0pt
* \topskip=10.0pt
* \footskip=30.0pt
* \marginparwidth=111.0pt
* \marginparsep=11.0pt
* \columnsep=10.0pt
* \skip\footins=9.0pt plus 4.0pt minus 2.0pt
* \hoffset=0.0pt
* \voffset=0.0pt
* \mag=1000
* \@twocolumnfalse
* \@twosidetrue
* \@mparswitchtrue
* \@reversemarginfalse
* (1in=72.27pt=25.4mm, 1cm=28.453pt)

\AtBeginShipoutBox=\box33
Package hyperref Info: Link coloring OFF on input line 55.
("C:\Program Files (x86)\MiKTeX 2.9\tex\latex\hyperref\nameref.sty"
Package: nameref 2010/04/30 v2.40 Cross-referencing by name of section

("C:\Program Files (x86)\MiKTeX 2.9\tex\generic\oberdiek\gettitlestring.sty"
Package: gettitlestring 2010/12/03 v1.4 Cleanup title references (HO)
)
\c@section@level=\count135
)
LaTeX Info: Redefining \ref on input line 55.
LaTeX Info: Redefining \pageref on input line 55.
LaTeX Info: Redefining \nameref on input line 55.

(D:\Dokumente\Studium\Bachelorarbeit\Latex\A_Arbeit.out)
(D:\Dokumente\Studium\Bachelorarbeit\Latex\A_Arbeit.out)
\@outlinefile=\write3
\c@lstlisting=\count136
Package caption Info: Begin \AtBeginDocument code.
Package caption3 Info: subfig package 1.2 or 1.3 is loaded.
LaTeX Info: Redefining \subref on input line 55.
Package caption Info: End \AtBeginDocument code.

(D:\Dokumente\Studium\Bachelorarbeit\Latex\A_Titelseite.tex
*geometry* verbose mode - [ newgeometry ] result:
* driver: pdftex
* paper: a4paper
* layout: <same size as paper>
* layoutoffset:(h,v)=(0.0pt,0.0pt)
* modes: twoside 
* h-part:(L,W,R)=(85.35826pt, 426.79135pt, 85.35826pt)
* v-part:(T,H,B)=(142.26378pt, 617.4248pt, 85.35826pt)
* \paperwidth=597.50787pt
* \paperheight=845.04684pt
* \textwidth=426.79135pt
* \textheight=617.4248pt
* \oddsidemargin=13.08827pt
* \evensidemargin=13.08827pt
* \topmargin=32.99379pt
* \headheight=12.0pt
* \headsep=25.0pt
* \topskip=10.0pt
* \footskip=30.0pt
* \marginparwidth=111.0pt
* \marginparsep=11.0pt
* \columnsep=10.0pt
* \skip\footins=9.0pt plus 4.0pt minus 2.0pt
* \hoffset=0.0pt
* \voffset=0.0pt
* \mag=1000
* \@twocolumnfalse
* \@twosidetrue
* \@mparswitchtrue
* \@reversemarginfalse
* (1in=72.27pt=25.4mm, 1cm=28.453pt)

LaTeX Info: Redefining \so on input line 5.
LaTeX Font Info:    Try loading font information for OT1+lmr on input line 14.

("C:\Program Files (x86)\MiKTeX 2.9\tex\latex\lm\ot1lmr.fd"
File: ot1lmr.fd 2009/10/30 v1.6 Font defs for Latin Modern
)
LaTeX Font Info:    Try loading font information for OML+lmm on input line 14.

("C:\Program Files (x86)\MiKTeX 2.9\tex\latex\lm\omllmm.fd"
File: omllmm.fd 2009/10/30 v1.6 Font defs for Latin Modern
)
LaTeX Font Info:    Try loading font information for OMS+lmsy on input line 14.


("C:\Program Files (x86)\MiKTeX 2.9\tex\latex\lm\omslmsy.fd"
File: omslmsy.fd 2009/10/30 v1.6 Font defs for Latin Modern
)
LaTeX Font Info:    Try loading font information for OMX+lmex on input line 14.


("C:\Program Files (x86)\MiKTeX 2.9\tex\latex\lm\omxlmex.fd"
File: omxlmex.fd 2009/10/30 v1.6 Font defs for Latin Modern
)
LaTeX Font Info:    External font `lmex10' loaded for size
(Font)              <14.4> on input line 14.
LaTeX Font Info:    External font `lmex10' loaded for size
(Font)              <10> on input line 14.
LaTeX Font Info:    External font `lmex10' loaded for size
(Font)              <7> on input line 14.
LaTeX Font Info:    Try loading font information for U+msa on input line 14.

("C:\Program Files (x86)\MiKTeX 2.9\tex\latex\amsfonts\umsa.fd"
File: umsa.fd 2009/06/22 v3.00 AMS symbols A
)
LaTeX Font Info:    Try loading font information for U+msb on input line 14.

("C:\Program Files (x86)\MiKTeX 2.9\tex\latex\amsfonts\umsb.fd"
File: umsb.fd 2009/06/22 v3.00 AMS symbols B
)
<Bilder/LMU-Siegel.jpg, id=271, 1473.505pt x 1521.685pt>
File: Bilder/LMU-Siegel.jpg Graphic file (type jpg)

<use Bilder/LMU-Siegel.jpg>
Package pdftex.def Info: Bilder/LMU-Siegel.jpg used on input line 20.
(pdftex.def)             Requested size: 137.75853pt x 142.26378pt.
 [1





{C:/ProgramData/MiKTeX/2.9/pdftex/config/pdftex.map} <D:/Dokumente/Studium/Bach
elorarbeit/Latex/Bilder/LMU-Siegel.jpg>])
(D:\Dokumente\Studium\Bachelorarbeit\Latex\Vorwort.tex [2



]
("C:\Program Files (x86)\MiKTeX 2.9\tex\latex\lm\t1lmtt.fd"))
Overfull \hbox (2.22221pt too wide) in paragraph at lines 26--59
 [] 
 []

[3

] (D:\Dokumente\Studium\Bachelorarbeit\Latex\A_Inhaltsverzeichnis.tex
[4



] (D:\Dokumente\Studium\Bachelorarbeit\Latex\A_Arbeit.toc [5

])
\tf@toc=\write4
) [6]
(D:\Dokumente\Studium\Bachelorarbeit\Latex\Einleitung.tex
Kapitel 1.
[7




]) [8] (D:\Dokumente\Studium\Bachelorarbeit\Latex\Theorie.tex
Kapitel 2.

Underfull \vbox (badness 10000) has occurred while \output is active []

 [9




]
[10] [11]) [12] (D:\Dokumente\Studium\Bachelorarbeit\Latex\Klassisch.tex
Kapitel 3.
[13




] [14]
LaTeX Font Info:    Try loading font information for TS1+lmr on input line 73.
 ("C:\Program Files (x86)\MiKTeX 2.9\tex\latex\lm\ts1lmr.fd"
File: ts1lmr.fd 2009/10/30 v1.6 Font defs for Latin Modern
) [15]
[16] <Diagramme/KMCS/Energie-Temperatur.pdf, id=518, 252.945pt x 176.66pt>
File: Diagramme/KMCS/Energie-Temperatur.pdf Graphic file (type pdf)

<use Diagramme/KMCS/Energie-Temperatur.pdf>
Package pdftex.def Info: Diagramme/KMCS/Energie-Temperatur.pdf used on input li
ne 165.
(pdftex.def)             Requested size: 200.75996pt x 140.21489pt.

<Diagramme/KMCS/Waermekapazitaet-Temperatur.pdf, id=519, 252.945pt x 176.66pt>
File: Diagramme/KMCS/Waermekapazitaet-Temperatur.pdf Graphic file (type pdf)

<use Diagramme/KMCS/Waermekapazitaet-Temperatur.pdf>
Package pdftex.def Info: Diagramme/KMCS/Waermekapazitaet-Temperatur.pdf used on
 input line 169.
(pdftex.def)             Requested size: 200.75996pt x 140.21489pt.
 [17 <D:/Dokumente/Studium/Bachelorarbeit/Latex/Diagramme/KMCS/Energie-Temperat
ur.pdf> <D:/Dokumente/Studium/Bachelorarbeit/Latex/Diagramme/KMCS/Waermekapazit
aet-Temperatur.pdf>]
<Diagramme/KMCS/AutokorrelationszeitEnergie-Temperatur.pdf, id=555, 252.945pt x
 176.66pt>
File: Diagramme/KMCS/AutokorrelationszeitEnergie-Temperatur.pdf Graphic file (t
ype pdf)
 <use Diagramme/KMCS/AutokorrelationszeitEnergie-Temperatur.pdf>
Package pdftex.def Info: Diagramme/KMCS/AutokorrelationszeitEnergie-Temperatur.
pdf used on input line 210.
(pdftex.def)             Requested size: 200.75996pt x 140.21489pt.

<Diagramme/KMCS/Magnetisierung-Temperatur.pdf, id=556, 252.945pt x 176.66pt>
File: Diagramme/KMCS/Magnetisierung-Temperatur.pdf Graphic file (type pdf)

<use Diagramme/KMCS/Magnetisierung-Temperatur.pdf>
Package pdftex.def Info: Diagramme/KMCS/Magnetisierung-Temperatur.pdf used on i
nput line 222.
(pdftex.def)             Requested size: 200.75996pt x 140.21489pt.

<Diagramme/KMCS/MagnetischeSuszeptibilitaet-Temperatur.pdf, id=557, 252.945pt x
 176.66pt>
File: Diagramme/KMCS/MagnetischeSuszeptibilitaet-Temperatur.pdf Graphic file (t
ype pdf)
 <use Diagramme/KMCS/MagnetischeSuszeptibilitaet-Temperatur.pdf>
Package pdftex.def Info: Diagramme/KMCS/MagnetischeSuszeptibilitaet-Temperatur.
pdf used on input line 226.
(pdftex.def)             Requested size: 200.75996pt x 140.21489pt.

[18]
<Diagramme/KMCS/AbsoluteMagnetisierung-Temperatur.pdf, id=577, 252.945pt x 176.
66pt>
File: Diagramme/KMCS/AbsoluteMagnetisierung-Temperatur.pdf Graphic file (type p
df)
 <use Diagramme/KMCS/AbsoluteMagnetisierung-Temperatur.pdf>
Package pdftex.def Info: Diagramme/KMCS/AbsoluteMagnetisierung-Temperatur.pdf u
sed on input line 250.
(pdftex.def)             Requested size: 200.75996pt x 140.21489pt.

<Diagramme/KMCS/AbsoluteMagnetischeSuszeptibilitaet-Temperatur.pdf, id=578, 252
.945pt x 176.66pt>
File: Diagramme/KMCS/AbsoluteMagnetischeSuszeptibilitaet-Temperatur.pdf Graphic
 file (type pdf)

<use Diagramme/KMCS/AbsoluteMagnetischeSuszeptibilitaet-Temperatur.pdf>
Package pdftex.def Info: Diagramme/KMCS/AbsoluteMagnetischeSuszeptibilitaet-Tem
peratur.pdf used on input line 254.
(pdftex.def)             Requested size: 200.75996pt x 140.21489pt.
)
[19 <D:/Dokumente/Studium/Bachelorarbeit/Latex/Diagramme/KMCS/Autokorrelationsz
eitEnergie-Temperatur.pdf>] [20 <D:/Dokumente/Studium/Bachelorarbeit/Latex/Diag
ramme/KMCS/Magnetisierung-Temperatur.pdf> <D:/Dokumente/Studium/Bachelorarbeit/
Latex/Diagramme/KMCS/MagnetischeSuszeptibilitaet-Temperatur.pdf> <D:/Dokumente/
Studium/Bachelorarbeit/Latex/Diagramme/KMCS/AbsoluteMagnetisierung-Temperatur.p
df> <D:/Dokumente/Studium/Bachelorarbeit/Latex/Diagramme/KMCS/AbsoluteMagnetisc
heSuszeptibilitaet-Temperatur.pdf>]
(D:\Dokumente\Studium\Bachelorarbeit\Latex\SSE.tex
Kapitel 4.
[21




] [22] [23] [24]
<Bilder/Off-Diagonal-Normal.jpg, id=678, 243.91125pt x 404.51125pt>
File: Bilder/Off-Diagonal-Normal.jpg Graphic file (type jpg)

<use Bilder/Off-Diagonal-Normal.jpg>
Package pdftex.def Info: Bilder/Off-Diagonal-Normal.jpg used on input line 142.

(pdftex.def)             Requested size: 125.47737pt x 208.09415pt.
LaTeX Font Info:    External font `lmex10' loaded for size
(Font)              <8> on input line 143.
LaTeX Font Info:    External font `lmex10' loaded for size
(Font)              <6> on input line 143.
 [25 <D:/Dokumente/Studium/Bachelorarbeit/Latex/Bilder/Off-Diagonal-Normal.jpg>
]
<Bilder/Off-Diagonal-Works.jpg, id=699, 384.43625pt x 316.18124pt>
File: Bilder/Off-Diagonal-Works.jpg Graphic file (type jpg)

<use Bilder/Off-Diagonal-Works.jpg>
Package pdftex.def Info: Bilder/Off-Diagonal-Works.jpg used on input line 182.
(pdftex.def)             Requested size: 171.48553pt x 141.04033pt.

<Bilder/Off-Diagonal-NeedsLoop.jpg, id=700, 386.44376pt x 326.21875pt>
File: Bilder/Off-Diagonal-NeedsLoop.jpg Graphic file (type jpg)

<use Bilder/Off-Diagonal-NeedsLoop.jpg>
Package pdftex.def Info: Bilder/Off-Diagonal-NeedsLoop.jpg used on input line 1
86.
(pdftex.def)             Requested size: 171.48553pt x 144.7612pt.

<Bilder/Off-Diagonal-Loop.jpg, id=706, 236.885pt x 389.455pt>
File: Bilder/Off-Diagonal-Loop.jpg Graphic file (type jpg)

<use Bilder/Off-Diagonal-Loop.jpg>
Package pdftex.def Info: Bilder/Off-Diagonal-Loop.jpg used on input line 198.
(pdftex.def)             Requested size: 125.47737pt x 206.2913pt.

<Bilder/Off-Diagonal-LoopDone.jpg, id=707, 235.88126pt x 389.455pt>
File: Bilder/Off-Diagonal-LoopDone.jpg Graphic file (type jpg)

<use Bilder/Off-Diagonal-LoopDone.jpg>
Package pdftex.def Info: Bilder/Off-Diagonal-LoopDone.jpg used on input line 20
2.
(pdftex.def)             Requested size: 125.47737pt x 207.1708pt.

Underfull \vbox (badness 10000) has occurred while \output is active []

 [26 <D:/Dokumente/Studium/Bachelorarbeit/Latex/Bilder/Off-Diagonal-Works.jpg> 
<D:/Dokumente/Studium/Bachelorarbeit/Latex/Bilder/Off-Diagonal-NeedsLoop.jpg>]
Underfull \vbox (badness 1072) has occurred while \output is active []

 [27 <D:/Dokumente/Studium/Bachelorarbeit/Latex/Bilder/Off-Diagonal-Loop.jpg> <
D:/Dokumente/Studium/Bachelorarbeit/Latex/Bilder/Off-Diagonal-LoopDone.jpg>] [2
8] [29]
<Bilder/Vertizes.jpg, id=758, 450.68375pt x 142.5325pt>
File: Bilder/Vertizes.jpg Graphic file (type jpg)

<use Bilder/Vertizes.jpg>
Package pdftex.def Info: Bilder/Vertizes.jpg used on input line 309.
(pdftex.def)             Requested size: 167.2989pt x 52.91017pt.
 [30 <D:/Dokumente/Studium/Bachelorarbeit/Latex/Bilder/Vertizes.jpg>]
<Diagramme/SSE/Ketten_Energie-Temperatur.pdf, id=789, 252.945pt x 176.66pt>
File: Diagramme/SSE/Ketten_Energie-Temperatur.pdf Graphic file (type pdf)

<use Diagramme/SSE/Ketten_Energie-Temperatur.pdf>
Package pdftex.def Info: Diagramme/SSE/Ketten_Energie-Temperatur.pdf used on in
put line 354.
(pdftex.def)             Requested size: 200.75996pt x 140.21489pt.

<Diagramme/SSE/Ketten_Waermekapazitaet-Temperatur.pdf, id=790, 252.945pt x 176.
66pt>
File: Diagramme/SSE/Ketten_Waermekapazitaet-Temperatur.pdf Graphic file (type p
df)
 <use Diagramme/SSE/Ketten_Waermekapazitaet-Temperatur.pdf>
Package pdftex.def Info: Diagramme/SSE/Ketten_Waermekapazitaet-Temperatur.pdf u
sed on input line 358.
(pdftex.def)             Requested size: 200.75996pt x 140.21489pt.

<Diagramme/SSE/Ketten_FehlerEnergie-Temperatur.pdf, id=792, 252.945pt x 176.66p
t>
File: Diagramme/SSE/Ketten_FehlerEnergie-Temperatur.pdf Graphic file (type pdf)

 <use Diagramme/SSE/Ketten_FehlerEnergie-Temperatur.pdf>
Package pdftex.def Info: Diagramme/SSE/Ketten_FehlerEnergie-Temperatur.pdf used
 on input line 367.
(pdftex.def)             Requested size: 200.75996pt x 140.21489pt.
 [31]
<Diagramme/SSE/Gitter_Energie-Temperatur.pdf, id=809, 252.945pt x 176.66pt>
File: Diagramme/SSE/Gitter_Energie-Temperatur.pdf Graphic file (type pdf)

<use Diagramme/SSE/Gitter_Energie-Temperatur.pdf>
Package pdftex.def Info: Diagramme/SSE/Gitter_Energie-Temperatur.pdf used on in
put line 381.
(pdftex.def)             Requested size: 200.75996pt x 140.21489pt.

<Diagramme/SSE/Gitter_Waermekapazitaet-Temperatur.pdf, id=810, 252.945pt x 176.
66pt>
File: Diagramme/SSE/Gitter_Waermekapazitaet-Temperatur.pdf Graphic file (type p
df)
 <use Diagramme/SSE/Gitter_Waermekapazitaet-Temperatur.pdf>
Package pdftex.def Info: Diagramme/SSE/Gitter_Waermekapazitaet-Temperatur.pdf u
sed on input line 385.
(pdftex.def)             Requested size: 200.75996pt x 140.21489pt.
 [32 <D:/Dokumente/Studium/Bachelorarbeit/Latex/Diagramme/SSE/Ketten_Energie-Te
mperatur.pdf> <D:/Dokumente/Studium/Bachelorarbeit/Latex/Diagramme/SSE/Ketten_W
aermekapazitaet-Temperatur.pdf> <D:/Dokumente/Studium/Bachelorarbeit/Latex/Diag
ramme/SSE/Ketten_FehlerEnergie-Temperatur.pdf>]
<Diagramme/SSE/Alle_Energie-Temperatur.pdf, id=842, 252.945pt x 176.66pt>
File: Diagramme/SSE/Alle_Energie-Temperatur.pdf Graphic file (type pdf)

<use Diagramme/SSE/Alle_Energie-Temperatur.pdf>
Package pdftex.def Info: Diagramme/SSE/Alle_Energie-Temperatur.pdf used on inpu
t line 403.
(pdftex.def)             Requested size: 200.75996pt x 140.21489pt.

<Diagramme/SSE/Alle_Waermekapazitaet-Temperatur.pdf, id=843, 252.945pt x 176.66
pt>
File: Diagramme/SSE/Alle_Waermekapazitaet-Temperatur.pdf Graphic file (type pdf
)
 <use Diagramme/SSE/Alle_Waermekapazitaet-Temperatur.pdf>
Package pdftex.def Info: Diagramme/SSE/Alle_Waermekapazitaet-Temperatur.pdf use
d on input line 407.
(pdftex.def)             Requested size: 200.75996pt x 140.21489pt.

Overfull \hbox (49.74338pt too wide) detected at line 446
\OML/lmm/m/it/5 H \OT1/lmr/m/n/5 = []
 []

) [33] [34 <D:/Dokumente/Studium/Bachelorarbeit/Latex/Diagramme/SSE/Gitter_Ener
gie-Temperatur.pdf> <D:/Dokumente/Studium/Bachelorarbeit/Latex/Diagramme/SSE/Gi
tter_Waermekapazitaet-Temperatur.pdf> <D:/Dokumente/Studium/Bachelorarbeit/Late
x/Diagramme/SSE/Alle_Energie-Temperatur.pdf> <D:/Dokumente/Studium/Bachelorarbe
it/Latex/Diagramme/SSE/Alle_Waermekapazitaet-Temperatur.pdf>]
(D:\Dokumente\Studium\Bachelorarbeit\Latex\Zusammenfassung.tex
Kapitel 5.
) [35




] (D:\Dokumente\Studium\Bachelorarbeit\Latex\Quellcode.tex [36



]
Anhang A.
("C:\Program Files (x86)\MiKTeX 2.9\tex\latex\listings\lstlang1.sty"
File: lstlang1.sty 2004/09/05 1.3 listings language file
)
("C:\Program Files (x86)\MiKTeX 2.9\tex\latex\listings\lstlang1.sty"
File: lstlang1.sty 2004/09/05 1.3 listings language file
)
("C:\Program Files (x86)\MiKTeX 2.9\tex\latex\listings\lstmisc.sty"
File: lstmisc.sty 2007/02/22 1.4 (Carsten Heinz)
)
Package hyperref Info: bookmark level for unknown lstlisting defaults to 0 on i
nput line 9.

(D:\Dokumente\Studium\Bachelorarbeit\Code\Source\SIM.cpp
LaTeX Font Info:    Font shape `T1/lmtt/bx/n' in size <8> not available
(Font)              Font shape `T1/lmtt/b/n' tried instead on input line 1.
 [37

]
Underfull \vbox (badness 10000) has occurred while \output is active []

 [38]
Underfull \vbox (badness 10000) has occurred while \output is active []

 [39])
(D:\Dokumente\Studium\Bachelorarbeit\Code\Source\Classes\Lattice\AbstractLattic
e.cpp [40])
(D:\Dokumente\Studium\Bachelorarbeit\Code\Source\Classes\Lattice\Open1DLattice.
cpp [41])
(D:\Dokumente\Studium\Bachelorarbeit\Code\Source\Classes\Lattice\Periodic1DLatt
ice.cpp [42])
(D:\Dokumente\Studium\Bachelorarbeit\Code\Source\Classes\Lattice\Periodic2DLatt
ice.cpp [43])
(D:\Dokumente\Studium\Bachelorarbeit\Code\Source\Classes\Algorithm\AbstractAlgo
rithm.cpp [44]
Underfull \vbox (badness 10000) has occurred while \output is active []

 [45]
Underfull \vbox (badness 10000) has occurred while \output is active []

 [46]
Underfull \vbox (badness 10000) has occurred while \output is active []

 [47])
(D:\Dokumente\Studium\Bachelorarbeit\Code\Source\Classes\Algorithm\EDAlgorithm.
cpp [48]
Underfull \vbox (badness 10000) has occurred while \output is active []

 [49])
(D:\Dokumente\Studium\Bachelorarbeit\Code\Source\Classes\Algorithm\ISINGAlgorit
hm.cpp [50]
Underfull \vbox (badness 10000) has occurred while \output is active []

 [51]
Underfull \vbox (badness 10000) has occurred while \output is active []

 [52]
Underfull \vbox (badness 10000) has occurred while \output is active []

 [53])
(D:\Dokumente\Studium\Bachelorarbeit\Code\Source\Classes\Algorithm\SSEAlgorithm
.cpp [54]
Underfull \vbox (badness 10000) has occurred while \output is active []

 [55]
Underfull \vbox (badness 10000) has occurred while \output is active []

 [56]
Underfull \vbox (badness 10000) has occurred while \output is active []

 [57])
(D:\Dokumente\Studium\Bachelorarbeit\Code\Source\Classes\Analyzer\AbstractAnaly
zer.cpp [58]
Underfull \vbox (badness 10000) has occurred while \output is active []

 [59])
(D:\Dokumente\Studium\Bachelorarbeit\Code\Source\Classes\Analyzer\IsingEnergyAn
alyzer.cpp [60])
(D:\Dokumente\Studium\Bachelorarbeit\Code\Source\Classes\Analyzer\IsingHeatCapa
cityAnalyzer.cpp) [61]
(D:\Dokumente\Studium\Bachelorarbeit\Code\Source\Classes\Analyzer\IsingMagnetis
ationAnalyzer.cpp)
(D:\Dokumente\Studium\Bachelorarbeit\Code\Source\Classes\Analyzer\IsingSuscepti
bilityAnalyzer.cpp [62])
(D:\Dokumente\Studium\Bachelorarbeit\Code\Source\Classes\Analyzer\IsingAbsolute
MagnetisationAnalyzer.cpp) [63]
(D:\Dokumente\Studium\Bachelorarbeit\Code\Source\Classes\Analyzer\IsingAbsolute
SusceptibilityAnalyzer.cpp)
(D:\Dokumente\Studium\Bachelorarbeit\Code\Source\Classes\Analyzer\SseEnergyAnal
yzer.cpp [64])
(D:\Dokumente\Studium\Bachelorarbeit\Code\Source\Classes\Analyzer\SseHeatCapaci
tyAnalyzer.cpp)) [65]
(D:\Dokumente\Studium\Bachelorarbeit\Latex\A_Abbildungsverzeichnis.tex [66



]
(D:\Dokumente\Studium\Bachelorarbeit\Latex\A_Arbeit.lof)
\tf@lof=\write5
) [67

]
(D:\Dokumente\Studium\Bachelorarbeit\Latex\A_Quellcodeverzeichnis.tex [68



]
(D:\Dokumente\Studium\Bachelorarbeit\Latex\A_Arbeit.lol)
\tf@lol=\write6
) [69

]
(D:\Dokumente\Studium\Bachelorarbeit\Latex\A_Literaturverzeichnis.tex [70



]
(D:\Dokumente\Studium\Bachelorarbeit\Latex\A_Arbeit.bbl
Underfull \hbox (badness 10000) in paragraph at lines 86--89
[]\T1/lmr/m/it/10 Beitrag in te-ch-in-ter-viewz.blogspot.com. Wie fin-det man d
ie An-zahl der
 []


Underfull \hbox (badness 10000) in paragraph at lines 86--89
\T1/lmr/m/it/10 1er Bits ei-ner Zahl?  []$\T1/lmtt/m/n/10 http : / / techinterv
iewz . blogspot . com / 2010 / 03 /
 []

)) [71

] (D:\Dokumente\Studium\Bachelorarbeit\Latex\A_Selbststaendigkeit.tex
[72



]) [73

]
Package atveryend Info: Empty hook `BeforeClearDocument' on input line 89.
Package atveryend Info: Empty hook `AfterLastShipout' on input line 89.
 (D:\Dokumente\Studium\Bachelorarbeit\Latex\A_Arbeit.aux
(D:\Dokumente\Studium\Bachelorarbeit\Latex\A_Titelseite.aux)
(D:\Dokumente\Studium\Bachelorarbeit\Latex\Vorwort.aux)
(D:\Dokumente\Studium\Bachelorarbeit\Latex\A_Inhaltsverzeichnis.aux)
(D:\Dokumente\Studium\Bachelorarbeit\Latex\Einleitung.aux)
(D:\Dokumente\Studium\Bachelorarbeit\Latex\Theorie.aux)
(D:\Dokumente\Studium\Bachelorarbeit\Latex\Klassisch.aux)
(D:\Dokumente\Studium\Bachelorarbeit\Latex\SSE.aux)
(D:\Dokumente\Studium\Bachelorarbeit\Latex\Zusammenfassung.aux)
(D:\Dokumente\Studium\Bachelorarbeit\Latex\Quellcode.aux)
(D:\Dokumente\Studium\Bachelorarbeit\Latex\A_Abbildungsverzeichnis.aux)
(D:\Dokumente\Studium\Bachelorarbeit\Latex\A_Quellcodeverzeichnis.aux)
(D:\Dokumente\Studium\Bachelorarbeit\Latex\A_Literaturverzeichnis.aux)
(D:\Dokumente\Studium\Bachelorarbeit\Latex\A_Selbststaendigkeit.aux))
Package atveryend Info: Executing hook `AtVeryEndDocument' on input line 89.
Package atveryend Info: Executing hook `AtEndAfterFileList' on input line 89.
Package rerunfilecheck Info: File `A_Arbeit.out' has not changed.
(rerunfilecheck)             Checksum: 7CBAF9E7857CCE5FA1202CEB691EAE6D;5135.
 ) 
Here is how much of TeX's memory you used:
 14021 strings out of 494045
 219198 string characters out of 3145945
 717849 words of memory out of 3000000
 15156 multiletter control sequences out of 15000+200000
 100642 words of font info for 81 fonts, out of 3000000 for 9000
 715 hyphenation exceptions out of 8191
 39i,11n,63p,1263b,2033s stack positions out of 5000i,500n,10000p,200000b,50000s
{C:/Program Files (x86)/MiKTeX 2.9/fonts/enc/dvips/lm/lm-ec.enc}{C:/Program F
iles (x86)/MiKTeX 2.9/fonts/enc/dvips/lm/lm-mathsy.enc}{C:/Program Files (x86)/
MiKTeX 2.9/fonts/enc/dvips/lm/lm-mathit.enc}{C:/Program Files (x86)/MiKTeX 2.9/
fonts/enc/dvips/lm/lm-rm.enc}{C:/Program Files (x86)/MiKTeX 2.9/fonts/enc/dvips
/lm/lm-ts1.enc}{C:/Program Files (x86)/MiKTeX 2.9/fonts/enc/dvips/lm/lm-mathex.
enc}<C:/Program Files (x86)/MiKTeX 2.9/fonts/type1/public/lm/lmbx10.pfb><C:/Pro
gram Files (x86)/MiKTeX 2.9/fonts/type1/public/lm/lmbx12.pfb><C:/Program Files 
(x86)/MiKTeX 2.9/fonts/type1/public/lm/lmbx8.pfb><C:/Program Files (x86)/MiKTeX
 2.9/fonts/type1/public/lm/lmcsc10.pfb><C:/Program Files (x86)/MiKTeX 2.9/fonts
/type1/public/lm/lmex10.pfb><C:/Program Files (x86)/MiKTeX 2.9/fonts/type1/publ
ic/lm/lmmi10.pfb><C:/Program Files (x86)/MiKTeX 2.9/fonts/type1/public/lm/lmmi1
2.pfb><C:/Program Files (x86)/MiKTeX 2.9/fonts/type1/public/lm/lmmi5.pfb><C:/Pr
ogram Files (x86)/MiKTeX 2.9/fonts/type1/public/lm/lmmi6.pfb><C:/Program Files 
(x86)/MiKTeX 2.9/fonts/type1/public/lm/lmmi7.pfb><C:/Program Files (x86)/MiKTeX
 2.9/fonts/type1/public/lm/lmmi8.pfb><C:/Program Files (x86)/MiKTeX 2.9/fonts/t
ype1/public/lm/lmmib10.pfb><C:/Program Files (x86)/MiKTeX 2.9/fonts/type1/publi
c/lm/lmr10.pfb><C:/Program Files (x86)/MiKTeX 2.9/fonts/type1/public/lm/lmr12.p
fb><C:/Program Files (x86)/MiKTeX 2.9/fonts/type1/public/lm/lmr5.pfb><C:/Progra
m Files (x86)/MiKTeX 2.9/fonts/type1/public/lm/lmr6.pfb><C:/Program Files (x86)
/MiKTeX 2.9/fonts/type1/public/lm/lmr7.pfb><C:/Program Files (x86)/MiKTeX 2.9/f
onts/type1/public/lm/lmr8.pfb><C:/Program Files (x86)/MiKTeX 2.9/fonts/type1/pu
blic/lm/lmri10.pfb><C:/Program Files (x86)/MiKTeX 2.9/fonts/type1/public/lm/lmr
i8.pfb><C:/Program Files (x86)/MiKTeX 2.9/fonts/type1/public/lm/lmsy10.pfb><C:/
Program Files (x86)/MiKTeX 2.9/fonts/type1/public/lm/lmsy5.pfb><C:/Program File
s (x86)/MiKTeX 2.9/fonts/type1/public/lm/lmsy7.pfb><C:/Program Files (x86)/MiKT
eX 2.9/fonts/type1/public/lm/lmsy8.pfb><C:/Program Files (x86)/MiKTeX 2.9/fonts
/type1/public/lm/lmtk10.pfb><C:/Program Files (x86)/MiKTeX 2.9/fonts/type1/publ
ic/lm/lmtt10.pfb><C:/Program Files (x86)/MiKTeX 2.9/fonts/type1/public/lm/lmtt8
.pfb><C:/Program Files (x86)/MiKTeX 2.9/fonts/type1/public/lm/lmtti10.pfb>
Output written on A_Arbeit.pdf (73 pages, 2242806 bytes).
PDF statistics:
 3039 PDF objects out of 3580 (max. 8388607)
 1767 named destinations out of 2073 (max. 500000)
 642 words of extra memory for PDF output out of 10000 (max. 10000000)

