\BOOKMARK [0][-]{chapter*.1}{Vorwort}{}% 1
\BOOKMARK [0][-]{toc.0}{Inhaltsverzeichnis}{}% 2
\BOOKMARK [0][-]{chapter.1}{Einleitung}{}% 3
\BOOKMARK [0][-]{chapter.2}{Theorie der Monte-Carlo Simulation}{}% 4
\BOOKMARK [1][-]{section.2.1}{Geschichte}{chapter.2}% 5
\BOOKMARK [1][-]{section.2.2}{Ziel}{chapter.2}% 6
\BOOKMARK [1][-]{section.2.3}{Idee: Markov-Kette}{chapter.2}% 7
\BOOKMARK [1][-]{section.2.4}{Metropolis Algorithmus}{chapter.2}% 8
\BOOKMARK [1][-]{section.2.5}{Thermalisierung}{chapter.2}% 9
\BOOKMARK [1][-]{section.2.6}{Autokorrelationsfunktion und Fehlerberechnung}{chapter.2}% 10
\BOOKMARK [0][-]{chapter.3}{Klassische MCS am Beispiel des Ising-Modells}{}% 11
\BOOKMARK [1][-]{section.3.1}{Methode}{chapter.3}% 12
\BOOKMARK [2][-]{subsection.3.1.1}{Das Ising-Modell}{section.3.1}% 13
\BOOKMARK [2][-]{subsection.3.1.2}{Sampling}{section.3.1}% 14
\BOOKMARK [1][-]{section.3.2}{Implementierung}{chapter.3}% 15
\BOOKMARK [2][-]{subsection.3.2.1}{Initialisierung}{section.3.2}% 16
\BOOKMARK [2][-]{subsection.3.2.2}{Simulation}{section.3.2}% 17
\BOOKMARK [2][-]{subsection.3.2.3}{Analyse}{section.3.2}% 18
\BOOKMARK [2][-]{subsection.3.2.4}{Quellcode}{section.3.2}% 19
\BOOKMARK [1][-]{section.3.3}{Ergebnisse und Diskussion}{chapter.3}% 20
\BOOKMARK [2][-]{subsection.3.3.1}{Mittelwert der Energie und W\344rmekapazit\344t}{section.3.3}% 21
\BOOKMARK [2][-]{subsection.3.3.2}{Autokorrelationszeit der Energie}{section.3.3}% 22
\BOOKMARK [2][-]{subsection.3.3.3}{Mittelwert der Magnetisierung und magnetischen Suszeptibilit\344t}{section.3.3}% 23
\BOOKMARK [2][-]{subsection.3.3.4}{Mittelwert der abs. Magnetisierung und mag. Suszeptibilit\344t}{section.3.3}% 24
\BOOKMARK [0][-]{chapter.4}{Quantenmechanische MCS mit Hilfe der Stochastic Series Expansion}{}% 25
\BOOKMARK [1][-]{section.4.1}{Methode}{chapter.4}% 26
\BOOKMARK [2][-]{subsection.4.1.1}{Das Spin-1/2 Heisenberg System}{section.4.1}% 27
\BOOKMARK [2][-]{subsection.4.1.2}{Reihenentwicklung}{section.4.1}% 28
\BOOKMARK [2][-]{subsection.4.1.3}{Sampling}{section.4.1}% 29
\BOOKMARK [2][-]{subsection.4.1.4}{Formeln f\374r die mittlere Energie und W\344rmekapazit\344t}{section.4.1}% 30
\BOOKMARK [2][-]{subsection.4.1.5}{Cut-Off L}{section.4.1}% 31
\BOOKMARK [1][-]{section.4.2}{Implementierung}{chapter.4}% 32
\BOOKMARK [2][-]{subsection.4.2.1}{Initialisierung}{section.4.2}% 33
\BOOKMARK [2][-]{subsection.4.2.2}{Simulation}{section.4.2}% 34
\BOOKMARK [2][-]{subsection.4.2.3}{Analyse}{section.4.2}% 35
\BOOKMARK [2][-]{subsection.4.2.4}{Quellcode}{section.4.2}% 36
\BOOKMARK [1][-]{section.4.3}{Ergebnisse und Diskussion}{chapter.4}% 37
\BOOKMARK [2][-]{subsection.4.3.1}{Heisenbergkette mit periodischen Randbedingungen}{section.4.3}% 38
\BOOKMARK [2][-]{subsection.4.3.2}{Heisenberggitter mit periodischen Randbedingungen}{section.4.3}% 39
\BOOKMARK [2][-]{subsection.4.3.3}{Vergleich verschiedener Modelle / Exakte Diagonalisierung}{section.4.3}% 40
\BOOKMARK [0][-]{chapter.5}{Zusammenfassung}{}% 41
\BOOKMARK [0][-]{appendix.A}{Quellcode}{}% 42
\BOOKMARK [1][-]{section.A.1}{Hauptprogramm SIM}{appendix.A}% 43
\BOOKMARK [1][-]{section.A.2}{Gitter Klassen}{appendix.A}% 44
\BOOKMARK [2][-]{subsection.A.2.1}{Abstrakte Gitterklasse}{section.A.2}% 45
\BOOKMARK [2][-]{subsection.A.2.2}{1D Gitter mit offenen Randbedingungen}{section.A.2}% 46
\BOOKMARK [2][-]{subsection.A.2.3}{1D Gitter mit periodischen Randbedingungen}{section.A.2}% 47
\BOOKMARK [2][-]{subsection.A.2.4}{2D Gitter mit periodischen Randbedingungen}{section.A.2}% 48
\BOOKMARK [1][-]{section.A.3}{Algorithmus Klassen}{appendix.A}% 49
\BOOKMARK [2][-]{subsection.A.3.1}{Abstrakte Algorithmusklasse}{section.A.3}% 50
\BOOKMARK [2][-]{subsection.A.3.2}{ED Algorithmus}{section.A.3}% 51
\BOOKMARK [2][-]{subsection.A.3.3}{Ising Algorithmus}{section.A.3}% 52
\BOOKMARK [2][-]{subsection.A.3.4}{SSE Algorithmus}{section.A.3}% 53
\BOOKMARK [1][-]{section.A.4}{Analysemodule}{appendix.A}% 54
\BOOKMARK [2][-]{subsection.A.4.1}{Abstrakte Analyseklasse}{section.A.4}% 55
\BOOKMARK [2][-]{subsection.A.4.2}{Analyse f\374r die Energie \(Ising\)}{section.A.4}% 56
\BOOKMARK [2][-]{subsection.A.4.3}{Analyse f\374r die W\344rmekapazit\344t \(Ising\)}{section.A.4}% 57
\BOOKMARK [2][-]{subsection.A.4.4}{Analyse f\374r die Magnetisierung \(Ising\)}{section.A.4}% 58
\BOOKMARK [2][-]{subsection.A.4.5}{Analyse f\374r die magnetische Suszeptibilit\344t \(Ising\)}{section.A.4}% 59
\BOOKMARK [2][-]{subsection.A.4.6}{Analyse f\374r die abs. Magnetisierung \(Ising\)}{section.A.4}% 60
\BOOKMARK [2][-]{subsection.A.4.7}{Analyse f\374r die abs. mag. Suszeptibilit\344t \(Ising\)}{section.A.4}% 61
\BOOKMARK [2][-]{subsection.A.4.8}{Analyse f\374r die Energie \(SSE\)}{section.A.4}% 62
\BOOKMARK [2][-]{subsection.A.4.9}{Analyse f\374r die W\344rmekapazit\344t \(SSE\)}{section.A.4}% 63
\BOOKMARK [0][-]{appendix*.26}{Abbildungsverzeichnis}{}% 64
\BOOKMARK [0][-]{appendix*.27}{Quellcodeverzeichnis}{}% 65
\BOOKMARK [0][-]{appendix*.28}{Literaturverzeichnis}{}% 66
\BOOKMARK [0][-]{appendix*.29}{Erkl\344hrung zur Selbstst\344ndigkeit}{}% 67
